<?xml version="1.0" encoding="UTF-8"?>
<!-- Generated by org.testng.reporters.JUnitXMLReporter -->
<testsuite ignored="0" hostname="DESKTOP-R6MQ6V0" failures="1" tests="5" name="OpenCartTest" time="57.801" errors="0" timestamp="2023-01-08T13:39:31 NPT">
  <testcase classname="testCases.TC_003_LoginDDT" name="test_loginDDT" time="2.886"/>
  <testcase classname="testCases.TC_003_LoginDDT" name="test_loginDDT" time="11.553"/>
  <testcase classname="testCases.TC_003_LoginDDT" name="test_loginDDT" time="11.576"/>
  <testcase classname="testCases.TC_003_LoginDDT" name="test_loginDDT" time="11.243"/>
  <testcase classname="testCases.TC_003_LoginDDT" name="test_loginDDT" time="11.558">
    <failure type="java.lang.AssertionError" message="expected [true] but found [false]">
      <![CDATA[java.lang.AssertionError: expected [true] but found [false]
at testCases.TC_003_LoginDDT.test_loginDDT(TC_003_LoginDDT.java:43)
at java.base/java.util.ArrayList.forEach(ArrayList.java:1511)
... Removed 29 stack frames]]>
    </failure>
  </testcase> <!-- test_loginDDT -->
</testsuite> <!-- OpenCartTest -->
